Change Component Designator: Old Designator=C15 New Designator=C3
Change Component Designator: Old Designator=C16 New Designator=C4
Change Component Designator: Old Designator=C17 New Designator=C5
Change Component Designator: Old Designator=C18 New Designator=C9
Change Component Designator: Old Designator=C19 New Designator=C10
Change Component Designator: Old Designator=C20 New Designator=C15
Change Component Designator: Old Designator=C21 New Designator=C17
Change Component Designator: Old Designator=C22 New Designator=C18
Change Component Designator: Old Designator=C23 New Designator=C11
Change Component Designator: Old Designator=C35 New Designator=C1
Change Component Designator: Old Designator=C36 New Designator=C2
Change Component Designator: Old Designator=C37 New Designator=C6
Change Component Designator: Old Designator=C38 New Designator=C8
Change Component Designator: Old Designator=C39 New Designator=C7
Change Component Designator: Old Designator=C100 New Designator=C16
Change Component Designator: Old Designator=C? New Designator=C12
Change Component Designator: Old Designator=C? New Designator=C13
Change Component Designator: Old Designator=C? New Designator=C14
Change Component Designator: Old Designator=D? New Designator=D2
Change Component Designator: Old Designator=D? New Designator=D3
Change Component Designator: Old Designator=D? New Designator=D4
Change Component Designator: Old Designator=P? New Designator=P2
Change Component Designator: Old Designator=P? New Designator=P3
Change Component Designator: Old Designator=P? New Designator=P4
Change Component Designator: Old Designator=Q? New Designator=Q2
Change Component Designator: Old Designator=Q? New Designator=Q3
Change Component Designator: Old Designator=Q? New Designator=Q4
Change Component Designator: Old Designator=R3 New Designator=R14
Change Component Designator: Old Designator=R4 New Designator=R6
Change Component Designator: Old Designator=R8 New Designator=R10
Change Component Designator: Old Designator=R22 New Designator=R2
Change Component Designator: Old Designator=R23 New Designator=R1
Change Component Designator: Old Designator=R28 New Designator=R3
Change Component Designator: Old Designator=R29 New Designator=R4
Change Component Designator: Old Designator=R30 New Designator=R5
Change Component Designator: Old Designator=R? New Designator=R7
Change Component Designator: Old Designator=R? New Designator=R8
Change Component Designator: Old Designator=R? New Designator=R9
Change Component Designator: Old Designator=R? New Designator=R11
Change Component Designator: Old Designator=R? New Designator=R12
Change Component Designator: Old Designator=R? New Designator=R13
Change Component Designator: Old Designator=SWD New Designator=SWD1
Change Component Designator: Old Designator=U1 New Designator=U4
Change Component Designator: Old Designator=U2 New Designator=U3
Change Component Designator: Old Designator=U3 New Designator=U1
Change Component Designator: Old Designator=U4 New Designator=U2
