Change Component Designator: Old Designator=C4 New Designator=C5
Change Component Designator: Old Designator=C5 New Designator=C4
Change Component Designator: Old Designator=C11 New Designator=C12
Change Component Designator: Old Designator=C12 New Designator=C13
Change Component Designator: Old Designator=C13 New Designator=C14
Change Component Designator: Old Designator=C14 New Designator=C15
Change Component Designator: Old Designator=C15 New Designator=C11
Change Component Designator: Old Designator=C16 New Designator=C18
Change Component Designator: Old Designator=C18 New Designator=C16
Change Component Designator: Old Designator=P? New Designator=P5
Change Component Designator: Old Designator=Q1 New Designator=Q3
Change Component Designator: Old Designator=Q2 New Designator=Q4
Change Component Designator: Old Designator=Q3 New Designator=Q5
Change Component Designator: Old Designator=Q4 New Designator=Q6
Change Component Designator: Old Designator=Q? New Designator=Q1
Change Component Designator: Old Designator=Q? New Designator=Q2
Change Component Designator: Old Designator=R6 New Designator=R10
Change Component Designator: Old Designator=R7 New Designator=R11
Change Component Designator: Old Designator=R8 New Designator=R12
Change Component Designator: Old Designator=R9 New Designator=R13
Change Component Designator: Old Designator=R10 New Designator=R14
Change Component Designator: Old Designator=R11 New Designator=R15
Change Component Designator: Old Designator=R12 New Designator=R16
Change Component Designator: Old Designator=R13 New Designator=R17
Change Component Designator: Old Designator=R14 New Designator=R9
Change Component Designator: Old Designator=R? New Designator=R6
Change Component Designator: Old Designator=R? New Designator=R7
Change Component Designator: Old Designator=R? New Designator=R8
